<?xml version="1.0" encoding="UTF-8"?>
<coverage generated="1513516919">
  <project timestamp="1513516919">
    <package name="Alograg\Wp">
      <file name="/home/alograg/projects/repository/entrevistas/inpsyde-interview/stand_alone/src/Nonces.php">
        <class name="Nonces" namespace="Alograg\Wp" fullPackage="WordPress" category="Package" package="WordPress">
          <metrics complexity="1" methods="1" coveredmethods="1" conditionals="0" coveredconditionals="0" statements="1" coveredstatements="1" elements="2" coveredelements="2"/>
        </class>
        <line num="29" type="method" name="__construct" visibility="public" complexity="1" crap="1" count="1"/>
        <line num="31" type="stmt" count="1"/>
        <metrics loc="32" ncloc="9" classes="1" methods="1" coveredmethods="1" conditionals="0" coveredconditionals="0" statements="1" coveredstatements="1" elements="2" coveredelements="2"/>
      </file>
    </package>
    <metrics files="1" loc="32" ncloc="9" classes="1" methods="1" coveredmethods="1" conditionals="0" coveredconditionals="0" statements="1" coveredstatements="1" elements="2" coveredelements="2"/>
  </project>
</coverage>
