<?xml version="1.0" encoding="UTF-8"?>
<coverage generated="1513575494">
  <project timestamp="1513575494">
    <package name="Alograg\Wp">
      <file name="/home/alograg/projects/repository/entrevistas/inpsyde-interview/stand_alone/src/Hash.php">
        <class name="Hash" namespace="Alograg\Wp" fullPackage="WordPress" category="Package" package="WordPress">
          <metrics complexity="1" methods="1" coveredmethods="1" conditionals="0" coveredconditionals="0" statements="1" coveredstatements="1" elements="2" coveredelements="2"/>
        </class>
        <line num="33" type="method" name="forapplyTo" visibility="public" complexity="1" crap="1" count="2"/>
        <line num="35" type="stmt" count="2"/>
        <metrics loc="37" ncloc="10" classes="1" methods="1" coveredmethods="1" conditionals="0" coveredconditionals="0" statements="1" coveredstatements="1" elements="2" coveredelements="2"/>
      </file>
      <file name="/home/alograg/projects/repository/entrevistas/inpsyde-interview/stand_alone/src/Nonces.php">
        <class name="Nonces" namespace="Alograg\Wp" fullPackage="WordPress" category="Package" package="WordPress">
          <metrics complexity="14" methods="7" coveredmethods="4" conditionals="0" coveredconditionals="0" statements="50" coveredstatements="46" elements="57" coveredelements="50"/>
        </class>
        <line num="36" type="method" name="__construct" visibility="public" complexity="2" crap="2" count="2"/>
        <line num="38" type="stmt" count="2"/>
        <line num="39" type="stmt" count="2"/>
        <line num="40" type="stmt" count="2"/>
        <line num="41" type="stmt" count="2"/>
        <line num="42" type="stmt" count="2"/>
        <line num="43" type="stmt" count="2"/>
        <line num="44" type="stmt" count="2"/>
        <line num="46" type="stmt" count="2"/>
        <line num="47" type="stmt" count="2"/>
        <line num="48" type="stmt" count="2"/>
        <line num="50" type="stmt" count="2"/>
        <line num="52" type="stmt" count="2"/>
        <line num="53" type="stmt" count="2"/>
        <line num="55" type="stmt" count="2"/>
        <line num="56" type="stmt" count="2"/>
        <line num="62" type="method" name="__toString" visibility="public" complexity="1" crap="1" count="1"/>
        <line num="64" type="stmt" count="1"/>
        <line num="74" type="method" name="tick" visibility="public" complexity="1" crap="1" count="2"/>
        <line num="76" type="stmt" count="2"/>
        <line num="77" type="stmt" count="2"/>
        <line num="92" type="method" name="field" visibility="public" complexity="3" crap="3.05" count="1"/>
        <line num="98" type="stmt" count="1"/>
        <line num="100" type="stmt" count="1"/>
        <line num="101" type="stmt" count="1"/>
        <line num="102" type="stmt" count="1"/>
        <line num="103" type="stmt" count="1"/>
        <line num="104" type="stmt" count="1"/>
        <line num="105" type="stmt" count="1"/>
        <line num="106" type="stmt" count="1"/>
        <line num="107" type="stmt" count="0"/>
        <line num="108" type="stmt" count="0"/>
        <line num="109" type="stmt" count="1"/>
        <line num="119" type="method" name="getToken" visibility="public" complexity="1" crap="1" count="1"/>
        <line num="121" type="stmt" count="1"/>
        <line num="122" type="stmt" count="1"/>
        <line num="135" type="method" name="url" visibility="public" complexity="4" crap="4.01" count="1"/>
        <line num="137" type="stmt" count="1"/>
        <line num="138" type="stmt" count="1"/>
        <line num="139" type="stmt" count="1"/>
        <line num="140" type="stmt" count="1"/>
        <line num="141" type="stmt" count="1"/>
        <line num="142" type="stmt" count="1"/>
        <line num="143" type="stmt" count="1"/>
        <line num="144" type="stmt" count="1"/>
        <line num="145" type="stmt" count="1"/>
        <line num="146" type="stmt" count="0"/>
        <line num="148" type="stmt" count="1"/>
        <line num="149" type="stmt" count="1"/>
        <line num="150" type="stmt" count="1"/>
        <line num="151" type="stmt" count="1"/>
        <line num="168" type="method" name="verify" visibility="public" complexity="2" crap="2.03" count="1"/>
        <line num="170" type="stmt" count="1"/>
        <line num="171" type="stmt" count="1"/>
        <line num="172" type="stmt" count="0"/>
        <line num="174" type="stmt" count="1"/>
        <line num="175" type="stmt" count="1"/>
        <metrics loc="177" ncloc="93" classes="1" methods="7" coveredmethods="4" conditionals="0" coveredconditionals="0" statements="50" coveredstatements="46" elements="57" coveredelements="50"/>
      </file>
      <file name="/home/alograg/projects/repository/entrevistas/inpsyde-interview/stand_alone/src/Referer.php">
        <class name="Referer" namespace="Alograg\Wp" fullPackage="WordPress" category="Package" package="WordPress">
          <metrics complexity="2" methods="1" coveredmethods="0" conditionals="0" coveredconditionals="0" statements="6" coveredstatements="4" elements="7" coveredelements="4"/>
        </class>
        <line num="34" type="method" name="field" visibility="public" complexity="2" crap="2.15" count="1"/>
        <line num="37" type="stmt" count="1"/>
        <line num="38" type="stmt" count="1"/>
        <line num="39" type="stmt" count="1"/>
        <line num="40" type="stmt" count="0"/>
        <line num="41" type="stmt" count="0"/>
        <line num="42" type="stmt" count="1"/>
        <metrics loc="44" ncloc="16" classes="1" methods="1" coveredmethods="0" conditionals="0" coveredconditionals="0" statements="6" coveredstatements="4" elements="7" coveredelements="4"/>
      </file>
    </package>
    <metrics files="3" loc="258" ncloc="119" classes="3" methods="9" coveredmethods="5" conditionals="0" coveredconditionals="0" statements="57" coveredstatements="51" elements="66" coveredelements="56"/>
  </project>
</coverage>
